PROCESING WORK ITEM https://developer.apple.com/library/ios/documentation/Security/Conceptual/SecureCodingGuide/Articles/ValidatingInput.html
ExifTool Version Number         : 12.67
File Size                       : 0 bytes
File Modification Date/Time     : 2024:07:14 16:14:23-05:00
File Access Date/Time           : 2024:07:14 16:14:23-05:00
File Inode Change Date/Time     : 2024:07:14 16:14:23-05:00
File Permissions                : prw-------
File Type                       : HTML
File Type Extension             : html
MIME Type                       : text/html
Title                           : 301 Moved Permanently
PROCESING WORK ITEM https://gitlab.com/exploit-database/exploitdb-bin-sploits/-/raw/main/bin-sploits/8753.tgz
ExifTool Version Number         : 12.67
File Size                       : 0 bytes
File Modification Date/Time     : 2024:07:14 16:14:23-05:00
File Access Date/Time           : 2024:07:14 16:14:23-05:00
File Inode Change Date/Time     : 2024:07:14 16:14:23-05:00
File Permissions                : prw-------
File Type                       : GZIP
File Type Extension             : gz
MIME Type                       : application/x-gzip
Compression                     : Deflated
Flags                           : (none)
Modify Date                     : 2009:05:20 15:01:20-05:00
Extra Flags                     : (none)
Operating System                : Unix
PROCESING WORK ITEM https://gitlab.com/exploit-database/exploitdb-bin-sploits/-/raw/main/bin-sploits/25598-2.tar.gz
ExifTool Version Number         : 12.67
File Size                       : 0 bytes
File Modification Date/Time     : 2024:07:14 16:14:23-05:00
File Access Date/Time           : 2024:07:14 16:14:23-05:00
File Inode Change Date/Time     : 2024:07:14 16:14:23-05:00
File Permissions                : prw-------
File Type                       : GZIP
File Type Extension             : gz
MIME Type                       : application/x-gzip
Compression                     : Deflated
Flags                           : (none)
Modify Date                     : 2006:10:20 00:37:01-05:00
Extra Flags                     : (none)
Operating System                : Unix
PROCESING WORK ITEM https://gitlab.com/exploit-database/exploitdb-bin-sploits/-/raw/main/bin-sploits/25598-1.tar.gz
ExifTool Version Number         : 12.67
File Size                       : 0 bytes
File Modification Date/Time     : 2024:07:14 16:14:23-05:00
File Access Date/Time           : 2024:07:14 16:14:23-05:00
File Inode Change Date/Time     : 2024:07:14 16:14:23-05:00
File Permissions                : prw-------
File Type                       : GZIP
File Type Extension             : gz
MIME Type                       : application/x-gzip
Compression                     : Deflated
Flags                           : (none)
Modify Date                     : 2006:10:19 23:58:46-05:00
Extra Flags                     : (none)
Operating System                : Unix
PROCESING WORK ITEM https://gitlab.com/exploit-database/exploitdb-bin-sploits/-/raw/main/bin-sploits/28643.zip
ExifTool Version Number         : 12.67
File Size                       : 0 bytes
File Modification Date/Time     : 2024:07:14 16:14:24-05:00
File Access Date/Time           : 2024:07:14 16:14:24-05:00
File Inode Change Date/Time     : 2024:07:14 16:14:24-05:00
File Permissions                : prw-------
Warning                         : Install IO::String to decode compressed ZIP information from a pipe or socket
File Type                       : ZIP
File Type Extension             : zip
MIME Type                       : application/zip
Zip Required Version            : 10
Zip Bit Flag                    : 0
Zip Compression                 : None
Zip Modify Date                 : 2003:11:12 19:35:46
Zip CRC                         : 0x00000000
Zip Compressed Size             : 0
Zip Uncompressed Size           : 0
Zip File Name                   : code/
PROCESING WORK ITEM https://gitlab.com/exploit-database/exploitdb-bin-sploits/-/raw/main/bin-sploits/21596.tgz.tar
ExifTool Version Number         : 12.67
File Size                       : 0 bytes
File Modification Date/Time     : 2024:07:14 16:14:24-05:00
File Access Date/Time           : 2024:07:14 16:14:24-05:00
File Inode Change Date/Time     : 2024:07:14 16:14:24-05:00
File Permissions                : prw-------
File Type                       : GZIP
File Type Extension             : gz
MIME Type                       : application/x-gzip
Compression                     : Deflated
Flags                           : (none)
Modify Date                     : 0000:00:00 00:00:00
Extra Flags                     : (none)
Operating System                : Unix
PROCESING WORK ITEM https://www.fireeye.com/blog/threat-research/2016/05/cve-2016-4117-flash-zero-day.html
ExifTool Version Number         : 12.67
File Size                       : 0 bytes
File Modification Date/Time     : 2024:07:14 16:14:24-05:00
File Access Date/Time           : 2024:07:14 16:14:24-05:00
File Inode Change Date/Time     : 2024:07:14 16:14:24-05:00
File Permissions                : prw-------
Error                           : File is empty
PROCESING WORK ITEM https://gitlab.com/exploit-database/exploitdb-bin-sploits/-/raw/main/bin-sploits/29448.dmg.gz
ExifTool Version Number         : 12.67
File Size                       : 0 bytes
File Modification Date/Time     : 2024:07:14 16:14:24-05:00
File Access Date/Time           : 2024:07:14 16:14:24-05:00
File Inode Change Date/Time     : 2024:07:14 16:14:24-05:00
File Permissions                : prw-------
File Type                       : GZIP
File Type Extension             : gz
MIME Type                       : application/x-gzip
Compression                     : Deflated
Flags                           : FileName
Modify Date                     : 2007:01:11 19:45:43-06:00
Extra Flags                     : (none)
Operating System                : Unix
Archived File Name              : MOAB-11-01-2007.dmg
PROCESING WORK ITEM https://helpx.adobe.com/security/products/flash-player/apsa16-02.html
ExifTool Version Number         : 12.67
File Size                       : 0 bytes
File Modification Date/Time     : 2024:07:14 16:14:24-05:00
File Access Date/Time           : 2024:07:14 16:14:24-05:00
File Inode Change Date/Time     : 2024:07:14 16:14:24-05:00
File Permissions                : prw-------
File Type                       : HTML
File Type Extension             : html
MIME Type                       : text/html
Title                           : 301 Moved Permanently
PROCESING WORK ITEM https://helpx.adobe.com/security/products/flash-player/apsb16-15.html
ExifTool Version Number         : 12.67
File Size                       : 0 bytes
File Modification Date/Time     : 2024:07:14 16:14:24-05:00
File Access Date/Time           : 2024:07:14 16:14:24-05:00
File Inode Change Date/Time     : 2024:07:14 16:14:24-05:00
File Permissions                : prw-------
File Type                       : HTML
File Type Extension             : html
MIME Type                       : text/html
Title                           : 301 Moved Permanently
PROCESING WORK ITEM https://gitlab.com/exploit-database/exploitdb-bin-sploits/-/raw/main/bin-sploits/40653.zip
ExifTool Version Number         : 12.67
File Size                       : 0 bytes
File Modification Date/Time     : 2024:07:14 16:14:24-05:00
File Access Date/Time           : 2024:07:14 16:14:24-05:00
File Inode Change Date/Time     : 2024:07:14 16:14:24-05:00
File Permissions                : prw-------
Warning                         : Install IO::String to decode compressed ZIP information from a pipe or socket
File Type                       : ZIP
File Type Extension             : zip
MIME Type                       : application/zip
Zip Required Version            : 10
Zip Bit Flag                    : 0
Zip Compression                 : None
Zip Modify Date                 : 2016:10:31 13:18:56
Zip CRC                         : 0x00000000
Zip Compressed Size             : 0
Zip Uncompressed Size           : 0
Zip File Name                   : 40653/
