writing readme file /Users/coyote/ngramdb/README.md
processing create
processing query
processing tui
processing run
processing start
processing logs
processing id
processing list
processing jsonset
processing cleanup
processing checksums
processing dependstats
processing findrefsto
processing forcelink
processing hastag
processing link
processing refdata
processing refs
processing replace
processing set-title
processing stubname
processing tag
processing tagfiles
processing tsort
processing venv
